<?xml version="1.0" encoding="UTF-8"?>
<!-- Generated by org.testng.reporters.JUnitReportReporter -->
<testsuite hostname="FF-HO-Sabtain" failures="0" tests="3" name="co.edureka.pages.DataProviderExample" time="0.016" errors="0" timestamp="2022-10-03T16:27:49 PKT" skipped="0">
  <testcase classname="co.edureka.pages.DataProviderExample" name="setData" time="0.001"/>
  <system-out/>
  <testcase classname="co.edureka.pages.DataProviderExample" name="setData" time="0.001"/>
  <system-out/>
  <testcase classname="co.edureka.pages.DataProviderExample" name="setData" time="0.014"/>
  <system-out/>
</testsuite> <!-- co.edureka.pages.DataProviderExample -->
