<?xml version="1.0" encoding="UTF-8"?>
<!-- Generated by org.testng.reporters.JUnitReportReporter -->
<testsuite hostname="FF-HO-Sabtain" failures="0" tests="2" name="co.edureka.pages.TestDDT" time="19.454" errors="0" timestamp="2022-10-04T09:32:56 PKT" skipped="0">
  <testcase classname="co.edureka.pages.TestDDT" name="TestFireFox" time="9.257"/>
  <system-out/>
  <testcase classname="co.edureka.pages.TestDDT" name="TestFireFox" time="10.197"/>
  <system-out/>
</testsuite> <!-- co.edureka.pages.TestDDT -->
