<?xml version="1.0" encoding="UTF-8"?>
<!-- Generated by org.testng.reporters.JUnitReportReporter -->
<testsuite hostname="FF-HO-Sabtain" failures="0" tests="1" name="co.edureka.pages.DataDriven" time="0.000" errors="0" timestamp="2022-10-06T10:21:07 PKT" skipped="1">
  <testcase classname="co.edureka.pages.DataDriven" name="DemoProject" time="0.000">
    <skipped/>
  </testcase> <!-- DemoProject -->
  <system-out/>
</testsuite> <!-- co.edureka.pages.DataDriven -->
