<?xml version="1.0" encoding="UTF-8"?>
<!-- Generated by org.testng.reporters.JUnitReportReporter -->
<testsuite hostname="FF-HO-Sabtain" failures="0" tests="1" name="co.edureka.pages.SPTesting" time="0.415" errors="0" timestamp="2023-03-14T17:38:28 PKT" skipped="0">
  <testcase classname="co.edureka.pages.SPTesting" name="test" time="0.415"/>
  <system-out/>
</testsuite> <!-- co.edureka.pages.SPTesting -->
