<?xml version="1.0" encoding="UTF-8"?>
<!-- Generated by org.testng.reporters.JUnitReportReporter -->
<testsuite hostname="FF-HO-Sabtain" failures="0" tests="1" name="co.edureka.pages.DatabaseTestingDemo" time="0.224" errors="0" timestamp="2023-02-24T15:31:15 PKT" skipped="0">
  <testcase classname="co.edureka.pages.DatabaseTestingDemo" name="test" time="0.224"/>
  <system-out/>
</testsuite> <!-- co.edureka.pages.DatabaseTestingDemo -->
